23:41:10 INFO  : Processing command line option -hwspec /home/rd/vivado-outputs/XADC_3_DEM/XADC.sdk/System_wrapper.hdf.
23:41:39 INFO  : Launching XSDB server: xsdb -s /opt/Xilinx/SDK/2014.4/scripts/xsdb/xsdb/xsdb-server.tcl 2450
23:41:43 ERROR :  [Hsi 55-1593] Current Hardware Design is not set.
23:49:17 INFO  : FPGA configured successfully with bitstream "/home/rd/vivado-outputs/XADC_3_DEM/XADC.sdk/System_wrapper_hw_platform_0/System_wrapper.bit"
23:49:49 INFO  : ps7_init is completed.
23:49:49 INFO  : ps7_post_config is completed.
23:49:49 INFO  : Processor reset is completed for ps7_cortexa9_0
23:52:36 INFO  : ps7_cortexa9_0 Processor is in use. Please stop existing Run or Debug sessions before launching.
23:52:40 INFO  : Processor reset is completed for ps7_cortexa9_0
23:53:27 INFO  : FPGA configured successfully with bitstream "/home/rd/vivado-outputs/XADC_3_DEM/XADC.sdk/System_wrapper_hw_platform_0/System_wrapper.bit"
23:53:31 INFO  : ps7_init is completed.
23:53:31 INFO  : ps7_post_config is completed.
23:53:32 INFO  : Processor reset is completed for ps7_cortexa9_0
23:55:59 INFO  : ps7_cortexa9_0 Processor is in use. Please stop existing Run or Debug sessions before launching.
23:56:01 INFO  : Processor reset is completed for ps7_cortexa9_0
23:57:26 INFO  : FPGA configured successfully with bitstream "/home/rd/vivado-outputs/XADC_3_DEM/XADC.sdk/System_wrapper_hw_platform_0/System_wrapper.bit"
23:57:33 INFO  : ps7_init is completed.
23:57:33 INFO  : ps7_post_config is completed.
23:57:33 INFO  : Processor reset is completed for ps7_cortexa9_0
23:59:33 INFO  : FPGA configured successfully with bitstream "/home/rd/vivado-outputs/XADC_3_DEM/XADC.sdk/System_wrapper_hw_platform_0/System_wrapper.bit"
23:59:37 INFO  : ps7_init is completed.
23:59:38 INFO  : ps7_post_config is completed.
23:59:38 INFO  : Processor reset is completed for ps7_cortexa9_0
00:02:06 INFO  : FPGA configured successfully with bitstream "/home/rd/vivado-outputs/XADC_3_DEM/XADC.sdk/System_wrapper_hw_platform_0/System_wrapper.bit"
00:02:11 INFO  : ps7_init is completed.
00:02:11 INFO  : ps7_post_config is completed.
00:02:12 INFO  : Processor reset is completed for ps7_cortexa9_0
00:09:29 INFO  : FPGA configured successfully with bitstream "/home/rd/vivado-outputs/XADC_3_DEM/XADC.sdk/System_wrapper_hw_platform_0/System_wrapper.bit"
00:09:35 INFO  : ps7_init is completed.
00:09:35 INFO  : ps7_post_config is completed.
00:09:36 INFO  : Processor reset is completed for ps7_cortexa9_0
00:21:54 ERROR : Unexpected error while parsing XMD response ￿: com.google.gson.JsonSyntaxException: com.google.gson.stream.MalformedJsonException: invalid number or unquoted string near 
22:15:02 INFO  : Processing command line option -hwspec /home/rd/vivado-outputs/XADC_3_DEM/XADC.sdk/System_wrapper.hdf.
22:15:08 INFO  : Launching XSDB server: xsdb -s /opt/Xilinx/SDK/2014.4/scripts/xsdb/xsdb/xsdb-server.tcl 2450
22:15:10 INFO  : Checking for hwspec changes in the project System_wrapper_hw_platform_0.
22:15:15 INFO  : SDK has detected change in the last modified timestamps for source hardware specification file Source:1490731884000,  Project:1490649706000
22:15:15 INFO  : The hardware specification for project 'System_wrapper_hw_platform_0' is different from /home/rd/vivado-outputs/XADC_3_DEM/XADC.sdk/System_wrapper.hdf.
22:15:15 INFO  : Copied contents of /home/rd/vivado-outputs/XADC_3_DEM/XADC.sdk/System_wrapper.hdf into /System_wrapper_hw_platform_0/system.hdf.
22:15:18 INFO  : Synchronizing projects in the workspace with the hardware platform specification changes.
22:15:41 INFO  : 
22:15:44 INFO  : Updating hardware inferred compiler options for system.
22:15:44 INFO  : Clearing existing target manager status.
22:31:27 ERROR : Unexpected error while parsing XMD response ￿: com.google.gson.JsonSyntaxException: com.google.gson.stream.MalformedJsonException: invalid number or unquoted string near 
11:47:13 INFO  : Processing command line option -hwspec /home/rd/vivado-outputs/XADC_3_DEM/XADC.sdk/System_wrapper.hdf.
11:47:26 INFO  : Launching XSDB server: xsdb -s /opt/Xilinx/SDK/2014.4/scripts/xsdb/xsdb/xsdb-server.tcl 2450
11:47:30 INFO  : Checking for hwspec changes in the project System_wrapper_hw_platform_0.
11:47:40 INFO  : SDK has detected change in the last modified timestamps for source hardware specification file Source:1490780250000,  Project:1490731884000
11:47:40 INFO  : The hardware specification for project 'System_wrapper_hw_platform_0' is different from /home/rd/vivado-outputs/XADC_3_DEM/XADC.sdk/System_wrapper.hdf.
11:47:41 INFO  : Copied contents of /home/rd/vivado-outputs/XADC_3_DEM/XADC.sdk/System_wrapper.hdf into /System_wrapper_hw_platform_0/system.hdf.
11:48:32 INFO  : Synchronizing projects in the workspace with the hardware platform specification changes.
11:48:47 INFO  : 
11:48:50 INFO  : Updating hardware inferred compiler options for system.
11:48:50 INFO  : Clearing existing target manager status.
22:36:54 INFO  : FPGA configured successfully with bitstream "/home/rd/vivado-outputs/XADC_3_DEM/XADC.sdk/System_wrapper_hw_platform_0/System_wrapper.bit"
22:37:05 ERROR : Unexpected error while launching program.
java.lang.RuntimeException: Error while running ps7_init method.
Debug Operation Not Supported on the Target, Current Processor State is not "Stopped"

	at com.xilinx.sdk.targetmanager.internal.TM.run_ps7_init(TM.java:1069)
	at com.xilinx.sdk.debug.core.XilinxAppLaunchConfigurationDelegate.runTargetSetup(XilinxAppLaunchConfigurationDelegate.java:482)
	at com.xilinx.sdk.debug.core.XilinxAppLaunchConfigurationDelegate.runApplication(XilinxAppLaunchConfigurationDelegate.java:584)
	at com.xilinx.sdk.debug.core.XilinxAppLaunchConfigurationDelegate.launch(XilinxAppLaunchConfigurationDelegate.java:293)
	at com.xilinx.sdk.debug.ui.XilinxAppLaunchDelegateWrapper.launch(XilinxAppLaunchDelegateWrapper.java:31)
	at org.eclipse.debug.internal.core.LaunchConfiguration.launch(LaunchConfiguration.java:858)
	at org.eclipse.debug.internal.core.LaunchConfiguration.launch(LaunchConfiguration.java:707)
	at org.eclipse.debug.internal.ui.DebugUIPlugin.buildAndLaunch(DebugUIPlugin.java:1018)
	at org.eclipse.debug.internal.ui.DebugUIPlugin$8.run(DebugUIPlugin.java:1222)
	at org.eclipse.core.internal.jobs.Worker.run(Worker.java:53)
22:39:55 INFO  : FPGA configured successfully with bitstream "/home/rd/vivado-outputs/XADC_3_DEM/XADC.sdk/System_wrapper_hw_platform_0/System_wrapper.bit"
22:39:59 INFO  : ps7_init is completed.
22:39:59 INFO  : ps7_post_config is completed.
22:39:59 INFO  : Processor reset is completed for ps7_cortexa9_0
22:40:21 INFO  : FPGA configured successfully with bitstream "/home/rd/vivado-outputs/XADC_3_DEM/XADC.sdk/System_wrapper_hw_platform_0/System_wrapper.bit"
22:40:48 INFO  : ps7_init is completed.
22:40:49 INFO  : ps7_post_config is completed.
22:40:49 INFO  : Processor reset is completed for ps7_cortexa9_0
23:29:37 INFO  : FPGA configured successfully with bitstream "/home/rd/vivado-outputs/XADC_3_DEM/XADC.sdk/System_wrapper_hw_platform_0/System_wrapper.bit"
23:29:43 INFO  : ps7_init is completed.
23:29:43 INFO  : ps7_post_config is completed.
23:29:43 INFO  : Processor reset is completed for ps7_cortexa9_0
23:31:23 INFO  : ps7_cortexa9_0 Processor is in use. Please stop existing Run or Debug sessions before launching.
23:31:26 INFO  : Processor reset is completed for ps7_cortexa9_0
23:32:01 INFO  : ps7_cortexa9_0 Processor is in use. Please stop existing Run or Debug sessions before launching.
23:32:02 INFO  : Processor reset is completed for ps7_cortexa9_0
23:32:48 INFO  : ps7_cortexa9_0 Processor is in use. Please stop existing Run or Debug sessions before launching.
23:32:51 INFO  : Processor reset is completed for ps7_cortexa9_0
23:46:11 INFO  : ps7_cortexa9_0 Processor is in use. Please stop existing Run or Debug sessions before launching.
23:46:14 INFO  : Processor reset is completed for ps7_cortexa9_0
23:47:16 INFO  : ps7_cortexa9_0 Processor is in use. Please stop existing Run or Debug sessions before launching.
23:47:18 INFO  : Processor reset is completed for ps7_cortexa9_0
23:54:23 INFO  : ps7_cortexa9_0 Processor is in use. Please stop existing Run or Debug sessions before launching.
23:54:24 INFO  : Processor reset is completed for ps7_cortexa9_0
23:56:07 INFO  : ps7_cortexa9_0 Processor is in use. Please stop existing Run or Debug sessions before launching.
23:56:09 INFO  : Processor reset is completed for ps7_cortexa9_0
23:56:30 INFO  : FPGA configured successfully with bitstream "/home/rd/vivado-outputs/XADC_3_DEM/XADC.sdk/System_wrapper_hw_platform_0/System_wrapper.bit"
23:56:34 INFO  : ps7_init is completed.
23:56:34 INFO  : ps7_post_config is completed.
23:56:34 INFO  : Processor reset is completed for ps7_cortexa9_0
00:02:09 INFO  : ps7_cortexa9_0 Processor is in use. Please stop existing Run or Debug sessions before launching.
00:02:11 INFO  : Processor reset is completed for ps7_cortexa9_0
00:05:24 INFO  : ps7_cortexa9_0 Processor is in use. Please stop existing Run or Debug sessions before launching.
00:05:26 INFO  : Processor reset is completed for ps7_cortexa9_0
00:06:07 INFO  : ps7_cortexa9_0 Processor is in use. Please stop existing Run or Debug sessions before launching.
00:06:09 INFO  : Processor reset is completed for ps7_cortexa9_0
00:11:37 ERROR : Unexpected error while parsing XMD response ￿: com.google.gson.JsonSyntaxException: com.google.gson.stream.MalformedJsonException: invalid number or unquoted string near 
16:29:19 INFO  : Processing command line option -hwspec /home/rd/vivado-outputs/XADC_3_DEM/XADC.sdk/System_wrapper.hdf.
16:29:27 INFO  : Launching XSDB server: xsdb -s /opt/Xilinx/SDK/2014.4/scripts/xsdb/xsdb/xsdb-server.tcl 2450
16:29:29 INFO  : Checking for hwspec changes in the project System_wrapper_hw_platform_0.
16:30:32 INFO  : FPGA configured successfully with bitstream "/home/rd/vivado-outputs/XADC_3_DEM/XADC.sdk/System_wrapper_hw_platform_0/System_wrapper.bit"
16:30:39 INFO  : ps7_init is completed.
16:30:39 INFO  : ps7_post_config is completed.
16:30:40 INFO  : Processor reset is completed for ps7_cortexa9_0
16:33:24 INFO  : ps7_cortexa9_0 Processor is in use. Please stop existing Run or Debug sessions before launching.
16:33:27 INFO  : Processor reset is completed for ps7_cortexa9_0
16:41:04 INFO  : ps7_cortexa9_0 Processor is in use. Please stop existing Run or Debug sessions before launching.
16:41:06 INFO  : Processor reset is completed for ps7_cortexa9_0
16:58:02 INFO  : FPGA configured successfully with bitstream "/home/rd/vivado-outputs/XADC_3_DEM/XADC.sdk/System_wrapper_hw_platform_0/System_wrapper.bit"
16:58:42 INFO  : ps7_init is completed.
16:58:42 INFO  : ps7_post_config is completed.
16:58:42 INFO  : Processor reset is completed for ps7_cortexa9_0
18:38:36 INFO  : FPGA configured successfully with bitstream "/home/rd/vivado-outputs/XADC_3_DEM/XADC.sdk/System_wrapper_hw_platform_0/System_wrapper.bit"
18:38:45 INFO  : ps7_init is completed.
18:38:45 INFO  : ps7_post_config is completed.
18:38:45 INFO  : Processor reset is completed for ps7_cortexa9_0
18:58:37 INFO  : ps7_cortexa9_0 Processor is in use. Please stop existing Run or Debug sessions before launching.
18:58:39 INFO  : Processor reset is completed for ps7_cortexa9_0
19:11:10 INFO  : ps7_cortexa9_0 Processor is in use. Please stop existing Run or Debug sessions before launching.
19:11:13 INFO  : Processor reset is completed for ps7_cortexa9_0
19:13:05 INFO  : ps7_cortexa9_0 Processor is in use. Please stop existing Run or Debug sessions before launching.
19:13:06 INFO  : Processor reset is completed for ps7_cortexa9_0
19:14:56 INFO  : ps7_cortexa9_0 Processor is in use. Please stop existing Run or Debug sessions before launching.
19:14:59 INFO  : Processor reset is completed for ps7_cortexa9_0
19:21:25 INFO  : ps7_cortexa9_0 Processor is in use. Please stop existing Run or Debug sessions before launching.
19:21:27 INFO  : Processor reset is completed for ps7_cortexa9_0
19:23:32 INFO  : ps7_cortexa9_0 Processor is in use. Please stop existing Run or Debug sessions before launching.
19:23:35 INFO  : Processor reset is completed for ps7_cortexa9_0
19:32:41 INFO  : ps7_cortexa9_0 Processor is in use. Please stop existing Run or Debug sessions before launching.
19:32:42 INFO  : Processor reset is completed for ps7_cortexa9_0
19:34:42 INFO  : ps7_cortexa9_0 Processor is in use. Please stop existing Run or Debug sessions before launching.
19:34:45 INFO  : Processor reset is completed for ps7_cortexa9_0
19:37:05 INFO  : ps7_cortexa9_0 Processor is in use. Please stop existing Run or Debug sessions before launching.
19:37:07 INFO  : Processor reset is completed for ps7_cortexa9_0
19:40:09 INFO  : ps7_cortexa9_0 Processor is in use. Please stop existing Run or Debug sessions before launching.
19:40:11 INFO  : Processor reset is completed for ps7_cortexa9_0
19:56:43 INFO  : ps7_cortexa9_0 Processor is in use. Please stop existing Run or Debug sessions before launching.
19:56:46 INFO  : Processor reset is completed for ps7_cortexa9_0
20:16:27 INFO  : FPGA configured successfully with bitstream "/home/rd/vivado-outputs/XADC_3_DEM/XADC.sdk/System_wrapper_hw_platform_0/System_wrapper.bit"
20:16:38 INFO  : ps7_init is completed.
20:16:38 INFO  : ps7_post_config is completed.
20:16:38 INFO  : Processor reset is completed for ps7_cortexa9_0
23:08:36 INFO  : FPGA configured successfully with bitstream "/home/rd/vivado-outputs/XADC_3_DEM/XADC.sdk/System_wrapper_hw_platform_0/System_wrapper.bit"
23:09:07 INFO  : ps7_init is completed.
23:09:07 INFO  : ps7_post_config is completed.
23:09:07 INFO  : Processor reset is completed for ps7_cortexa9_0
23:18:47 INFO  : ps7_cortexa9_0 Processor is in use. Please stop existing Run or Debug sessions before launching.
23:18:51 INFO  : Processor reset is completed for ps7_cortexa9_0
23:20:08 INFO  : ps7_cortexa9_0 Processor is in use. Please stop existing Run or Debug sessions before launching.
23:20:10 INFO  : Processor reset is completed for ps7_cortexa9_0
23:20:41 INFO  : ps7_cortexa9_0 Processor is in use. Please stop existing Run or Debug sessions before launching.
23:20:43 INFO  : Processor reset is completed for ps7_cortexa9_0
23:21:49 INFO  : ps7_cortexa9_0 Processor is in use. Please stop existing Run or Debug sessions before launching.
23:21:51 INFO  : Processor reset is completed for ps7_cortexa9_0
23:28:07 INFO  : ps7_cortexa9_0 Processor is in use. Please stop existing Run or Debug sessions before launching.
23:28:09 INFO  : Processor reset is completed for ps7_cortexa9_0
23:29:03 INFO  : ps7_cortexa9_0 Processor is in use. Please stop existing Run or Debug sessions before launching.
23:29:05 INFO  : Processor reset is completed for ps7_cortexa9_0
23:29:27 INFO  : ps7_cortexa9_0 Processor is in use. Please stop existing Run or Debug sessions before launching.
23:29:28 INFO  : Processor reset is completed for ps7_cortexa9_0
23:31:10 INFO  : ps7_cortexa9_0 Processor is in use. Please stop existing Run or Debug sessions before launching.
23:31:12 INFO  : Processor reset is completed for ps7_cortexa9_0
23:31:49 INFO  : ps7_cortexa9_0 Processor is in use. Please stop existing Run or Debug sessions before launching.
23:31:50 INFO  : Processor reset is completed for ps7_cortexa9_0
23:32:56 INFO  : ps7_cortexa9_0 Processor is in use. Please stop existing Run or Debug sessions before launching.
23:32:59 INFO  : Processor reset is completed for ps7_cortexa9_0
23:35:28 INFO  : ps7_cortexa9_0 Processor is in use. Please stop existing Run or Debug sessions before launching.
23:35:30 INFO  : Processor reset is completed for ps7_cortexa9_0
23:36:09 INFO  : ps7_cortexa9_0 Processor is in use. Please stop existing Run or Debug sessions before launching.
23:36:11 INFO  : Processor reset is completed for ps7_cortexa9_0
23:45:39 INFO  : ps7_cortexa9_0 Processor is in use. Please stop existing Run or Debug sessions before launching.
23:45:41 INFO  : Processor reset is completed for ps7_cortexa9_0
23:47:16 INFO  : ps7_cortexa9_0 Processor is in use. Please stop existing Run or Debug sessions before launching.
23:47:19 INFO  : Processor reset is completed for ps7_cortexa9_0
23:47:58 INFO  : ps7_cortexa9_0 Processor is in use. Please stop existing Run or Debug sessions before launching.
23:48:01 INFO  : Processor reset is completed for ps7_cortexa9_0
23:49:30 INFO  : ps7_cortexa9_0 Processor is in use. Please stop existing Run or Debug sessions before launching.
23:49:33 INFO  : Processor reset is completed for ps7_cortexa9_0
23:50:00 INFO  : ps7_cortexa9_0 Processor is in use. Please stop existing Run or Debug sessions before launching.
23:50:02 INFO  : Processor reset is completed for ps7_cortexa9_0
23:53:43 INFO  : ps7_cortexa9_0 Processor is in use. Please stop existing Run or Debug sessions before launching.
23:53:47 INFO  : Processor reset is completed for ps7_cortexa9_0
23:54:19 INFO  : ps7_cortexa9_0 Processor is in use. Please stop existing Run or Debug sessions before launching.
23:54:20 INFO  : Processor reset is completed for ps7_cortexa9_0
00:03:38 INFO  : ps7_cortexa9_0 Processor is in use. Please stop existing Run or Debug sessions before launching.
00:03:40 INFO  : Processor reset is completed for ps7_cortexa9_0
00:04:23 INFO  : ps7_cortexa9_0 Processor is in use. Please stop existing Run or Debug sessions before launching.
00:04:24 INFO  : Processor reset is completed for ps7_cortexa9_0
00:04:51 INFO  : ps7_cortexa9_0 Processor is in use. Please stop existing Run or Debug sessions before launching.
00:04:54 INFO  : Processor reset is completed for ps7_cortexa9_0
00:06:20 ERROR : Unexpected error while parsing XMD response ￿: com.google.gson.JsonSyntaxException: com.google.gson.stream.MalformedJsonException: invalid number or unquoted string near 
09:56:52 INFO  : Processing command line option -hwspec /home/rd/vivado-outputs/XADC_3_DEM/XADC.sdk/System_wrapper.hdf.
09:57:07 INFO  : Launching XSDB server: xsdb -s /opt/Xilinx/SDK/2014.4/scripts/xsdb/xsdb/xsdb-server.tcl 2450
09:57:09 INFO  : Checking for hwspec changes in the project System_wrapper_hw_platform_0.
09:58:42 INFO  : FPGA configured successfully with bitstream "/home/rd/vivado-outputs/XADC_3_DEM/XADC.sdk/System_wrapper_hw_platform_0/System_wrapper.bit"
09:58:52 INFO  : ps7_init is completed.
09:58:52 INFO  : ps7_post_config is completed.
09:58:53 INFO  : Processor reset is completed for ps7_cortexa9_0
10:26:06 INFO  : ps7_cortexa9_0 Processor is in use. Please stop existing Run or Debug sessions before launching.
10:26:10 INFO  : Processor reset is completed for ps7_cortexa9_0
10:28:33 INFO  : ps7_cortexa9_0 Processor is in use. Please stop existing Run or Debug sessions before launching.
10:28:35 INFO  : Processor reset is completed for ps7_cortexa9_0
10:49:22 INFO  : ps7_cortexa9_0 Processor is in use. Please stop existing Run or Debug sessions before launching.
10:49:27 INFO  : Processor reset is completed for ps7_cortexa9_0
10:50:52 INFO  : ps7_cortexa9_0 Processor is in use. Please stop existing Run or Debug sessions before launching.
10:50:54 INFO  : Processor reset is completed for ps7_cortexa9_0
10:52:27 INFO  : ps7_cortexa9_0 Processor is in use. Please stop existing Run or Debug sessions before launching.
10:52:29 INFO  : Processor reset is completed for ps7_cortexa9_0
10:56:58 INFO  : ps7_cortexa9_0 Processor is in use. Please stop existing Run or Debug sessions before launching.
10:57:00 INFO  : Processor reset is completed for ps7_cortexa9_0
11:00:49 INFO  : ps7_cortexa9_0 Processor is in use. Please stop existing Run or Debug sessions before launching.
11:00:50 INFO  : Processor reset is completed for ps7_cortexa9_0
11:02:37 INFO  : ps7_cortexa9_0 Processor is in use. Please stop existing Run or Debug sessions before launching.
11:02:39 INFO  : Processor reset is completed for ps7_cortexa9_0
11:03:48 INFO  : ps7_cortexa9_0 Processor is in use. Please stop existing Run or Debug sessions before launching.
11:03:50 INFO  : Processor reset is completed for ps7_cortexa9_0
11:04:26 INFO  : ps7_cortexa9_0 Processor is in use. Please stop existing Run or Debug sessions before launching.
11:04:28 INFO  : Processor reset is completed for ps7_cortexa9_0
11:04:52 INFO  : ps7_cortexa9_0 Processor is in use. Please stop existing Run or Debug sessions before launching.
11:04:54 INFO  : Processor reset is completed for ps7_cortexa9_0
11:06:23 INFO  : ps7_cortexa9_0 Processor is in use. Please stop existing Run or Debug sessions before launching.
11:06:26 INFO  : Processor reset is completed for ps7_cortexa9_0
11:11:52 INFO  : ps7_cortexa9_0 Processor is in use. Please stop existing Run or Debug sessions before launching.
11:11:54 INFO  : Processor reset is completed for ps7_cortexa9_0
11:12:23 INFO  : ps7_cortexa9_0 Processor is in use. Please stop existing Run or Debug sessions before launching.
11:12:25 INFO  : Processor reset is completed for ps7_cortexa9_0
11:15:07 INFO  : ps7_cortexa9_0 Processor is in use. Please stop existing Run or Debug sessions before launching.
11:15:09 INFO  : Processor reset is completed for ps7_cortexa9_0
11:19:14 INFO  : ps7_cortexa9_0 Processor is in use. Please stop existing Run or Debug sessions before launching.
11:19:20 INFO  : Processor reset is completed for ps7_cortexa9_0
11:20:10 INFO  : ps7_cortexa9_0 Processor is in use. Please stop existing Run or Debug sessions before launching.
11:20:11 INFO  : Processor reset is completed for ps7_cortexa9_0
11:23:21 INFO  : ps7_cortexa9_0 Processor is in use. Please stop existing Run or Debug sessions before launching.
11:23:22 INFO  : Processor reset is completed for ps7_cortexa9_0
11:23:45 INFO  : ps7_cortexa9_0 Processor is in use. Please stop existing Run or Debug sessions before launching.
11:23:51 INFO  : Processor reset is completed for ps7_cortexa9_0
11:24:17 INFO  : ps7_cortexa9_0 Processor is in use. Please stop existing Run or Debug sessions before launching.
11:24:18 INFO  : Processor reset is completed for ps7_cortexa9_0
11:31:33 INFO  : ps7_cortexa9_0 Processor is in use. Please stop existing Run or Debug sessions before launching.
11:31:34 INFO  : Processor reset is completed for ps7_cortexa9_0
11:33:40 INFO  : ps7_cortexa9_0 Processor is in use. Please stop existing Run or Debug sessions before launching.
11:33:41 INFO  : Processor reset is completed for ps7_cortexa9_0
11:34:25 INFO  : ps7_cortexa9_0 Processor is in use. Please stop existing Run or Debug sessions before launching.
11:34:27 INFO  : Processor reset is completed for ps7_cortexa9_0
11:36:28 INFO  : ps7_cortexa9_0 Processor is in use. Please stop existing Run or Debug sessions before launching.
11:36:29 INFO  : Processor reset is completed for ps7_cortexa9_0
11:37:59 INFO  : ps7_cortexa9_0 Processor is in use. Please stop existing Run or Debug sessions before launching.
11:38:01 INFO  : Processor reset is completed for ps7_cortexa9_0
11:39:05 INFO  : ps7_cortexa9_0 Processor is in use. Please stop existing Run or Debug sessions before launching.
11:39:06 INFO  : Processor reset is completed for ps7_cortexa9_0
11:41:10 INFO  : ps7_cortexa9_0 Processor is in use. Please stop existing Run or Debug sessions before launching.
11:41:12 INFO  : Processor reset is completed for ps7_cortexa9_0
11:42:25 INFO  : ps7_cortexa9_0 Processor is in use. Please stop existing Run or Debug sessions before launching.
11:42:34 INFO  : ps7_cortexa9_0 Processor is in use. Please stop existing Run or Debug sessions before launching.
11:42:35 INFO  : Processor reset is completed for ps7_cortexa9_0
11:43:47 INFO  : ps7_cortexa9_0 Processor is in use. Please stop existing Run or Debug sessions before launching.
11:43:51 INFO  : Processor reset is completed for ps7_cortexa9_0
11:43:54 ERROR : Unexpected error while launching program.
java.lang.RuntimeException: Failed to download ELF file


    Could not stop the processor after reset


	at com.xilinx.sdk.targetmanager.internal.TM.downloadELF(TM.java:666)
	at com.xilinx.sdk.debug.core.internal.AppRunner.run(AppRunner.java:129)
	at com.xilinx.sdk.debug.core.XilinxAppLaunchConfigurationDelegate.runApplication(XilinxAppLaunchConfigurationDelegate.java:605)
	at com.xilinx.sdk.debug.core.XilinxAppLaunchConfigurationDelegate.launch(XilinxAppLaunchConfigurationDelegate.java:293)
	at com.xilinx.sdk.debug.ui.XilinxAppLaunchDelegateWrapper.launch(XilinxAppLaunchDelegateWrapper.java:31)
	at org.eclipse.debug.internal.core.LaunchConfiguration.launch(LaunchConfiguration.java:858)
	at org.eclipse.debug.internal.core.LaunchConfiguration.launch(LaunchConfiguration.java:707)
	at org.eclipse.debug.internal.ui.DebugUIPlugin.buildAndLaunch(DebugUIPlugin.java:1018)
	at org.eclipse.debug.internal.ui.DebugUIPlugin$8.run(DebugUIPlugin.java:1222)
	at org.eclipse.core.internal.jobs.Worker.run(Worker.java:53)
11:49:36 INFO  : FPGA configured successfully with bitstream "/home/rd/vivado-outputs/XADC_3_DEM/XADC.sdk/System_wrapper_hw_platform_0/System_wrapper.bit"
11:49:58 ERROR : Unexpected error while parsing XMD response ￿: com.google.gson.JsonSyntaxException: com.google.gson.stream.MalformedJsonException: invalid number or unquoted string near 
11:52:06 INFO  : Processing command line option -hwspec /home/rd/vivado-outputs/XADC_3_DEM/XADC.sdk/System_wrapper.hdf.
11:52:14 INFO  : Launching XSDB server: xsdb -s /opt/Xilinx/SDK/2014.4/scripts/xsdb/xsdb/xsdb-server.tcl 2450
11:52:15 INFO  : Checking for hwspec changes in the project System_wrapper_hw_platform_0.
11:54:07 INFO  : ps7_init is completed.
11:54:08 INFO  : ps7_post_config is completed.
11:54:08 INFO  : Processor reset is completed for ps7_cortexa9_0
11:55:37 INFO  : ps7_cortexa9_0 Processor is in use. Please stop existing Run or Debug sessions before launching.
11:55:39 INFO  : Processor reset is completed for ps7_cortexa9_0
11:56:03 INFO  : ps7_cortexa9_0 Processor is in use. Please stop existing Run or Debug sessions before launching.
11:56:05 INFO  : Processor reset is completed for ps7_cortexa9_0
11:56:35 INFO  : ps7_cortexa9_0 Processor is in use. Please stop existing Run or Debug sessions before launching.
11:56:38 INFO  : Processor reset is completed for ps7_cortexa9_0
11:58:48 INFO  : ps7_cortexa9_0 Processor is in use. Please stop existing Run or Debug sessions before launching.
11:58:49 INFO  : Processor reset is completed for ps7_cortexa9_0
11:59:31 INFO  : ps7_cortexa9_0 Processor is in use. Please stop existing Run or Debug sessions before launching.
11:59:33 INFO  : Processor reset is completed for ps7_cortexa9_0
12:01:23 INFO  : ps7_cortexa9_0 Processor is in use. Please stop existing Run or Debug sessions before launching.
12:01:24 INFO  : Processor reset is completed for ps7_cortexa9_0
12:03:32 INFO  : ps7_cortexa9_0 Processor is in use. Please stop existing Run or Debug sessions before launching.
12:03:33 INFO  : Processor reset is completed for ps7_cortexa9_0
12:04:41 INFO  : ps7_cortexa9_0 Processor is in use. Please stop existing Run or Debug sessions before launching.
12:04:43 INFO  : Processor reset is completed for ps7_cortexa9_0
12:06:06 INFO  : ps7_cortexa9_0 Processor is in use. Please stop existing Run or Debug sessions before launching.
12:06:07 INFO  : Processor reset is completed for ps7_cortexa9_0
12:07:54 INFO  : ps7_cortexa9_0 Processor is in use. Please stop existing Run or Debug sessions before launching.
12:07:57 INFO  : Processor reset is completed for ps7_cortexa9_0
12:08:46 INFO  : ps7_cortexa9_0 Processor is in use. Please stop existing Run or Debug sessions before launching.
12:08:47 INFO  : Processor reset is completed for ps7_cortexa9_0
12:09:54 INFO  : ps7_cortexa9_0 Processor is in use. Please stop existing Run or Debug sessions before launching.
12:09:56 INFO  : Processor reset is completed for ps7_cortexa9_0
12:13:41 INFO  : ps7_cortexa9_0 Processor is in use. Please stop existing Run or Debug sessions before launching.
12:13:42 INFO  : Processor reset is completed for ps7_cortexa9_0
12:16:11 INFO  : ps7_cortexa9_0 Processor is in use. Please stop existing Run or Debug sessions before launching.
12:16:13 INFO  : Processor reset is completed for ps7_cortexa9_0
12:19:52 INFO  : ps7_cortexa9_0 Processor is in use. Please stop existing Run or Debug sessions before launching.
12:19:54 INFO  : Processor reset is completed for ps7_cortexa9_0
12:21:59 INFO  : ps7_cortexa9_0 Processor is in use. Please stop existing Run or Debug sessions before launching.
12:22:01 INFO  : Processor reset is completed for ps7_cortexa9_0
12:33:07 INFO  : ps7_cortexa9_0 Processor is in use. Please stop existing Run or Debug sessions before launching.
12:33:09 INFO  : Processor reset is completed for ps7_cortexa9_0
12:33:57 INFO  : ps7_cortexa9_0 Processor is in use. Please stop existing Run or Debug sessions before launching.
12:33:59 INFO  : Processor reset is completed for ps7_cortexa9_0
12:39:13 INFO  : ps7_cortexa9_0 Processor is in use. Please stop existing Run or Debug sessions before launching.
12:39:15 INFO  : Processor reset is completed for ps7_cortexa9_0
12:40:04 INFO  : ps7_cortexa9_0 Processor is in use. Please stop existing Run or Debug sessions before launching.
12:40:05 INFO  : Processor reset is completed for ps7_cortexa9_0
12:45:52 INFO  : ps7_cortexa9_0 Processor is in use. Please stop existing Run or Debug sessions before launching.
12:45:53 INFO  : Processor reset is completed for ps7_cortexa9_0
12:46:43 INFO  : ps7_cortexa9_0 Processor is in use. Please stop existing Run or Debug sessions before launching.
12:46:45 INFO  : Processor reset is completed for ps7_cortexa9_0
12:50:56 INFO  : ps7_cortexa9_0 Processor is in use. Please stop existing Run or Debug sessions before launching.
12:50:58 INFO  : Processor reset is completed for ps7_cortexa9_0
12:52:39 INFO  : ps7_cortexa9_0 Processor is in use. Please stop existing Run or Debug sessions before launching.
12:52:41 INFO  : Processor reset is completed for ps7_cortexa9_0
12:53:41 INFO  : ps7_cortexa9_0 Processor is in use. Please stop existing Run or Debug sessions before launching.
12:53:42 INFO  : Processor reset is completed for ps7_cortexa9_0
12:56:55 INFO  : ps7_cortexa9_0 Processor is in use. Please stop existing Run or Debug sessions before launching.
12:56:57 INFO  : Processor reset is completed for ps7_cortexa9_0
13:01:12 INFO  : ps7_cortexa9_0 Processor is in use. Please stop existing Run or Debug sessions before launching.
13:01:13 INFO  : Processor reset is completed for ps7_cortexa9_0
13:04:52 INFO  : ps7_cortexa9_0 Processor is in use. Please stop existing Run or Debug sessions before launching.
13:04:53 INFO  : Processor reset is completed for ps7_cortexa9_0
13:09:19 INFO  : ps7_cortexa9_0 Processor is in use. Please stop existing Run or Debug sessions before launching.
13:09:20 INFO  : Processor reset is completed for ps7_cortexa9_0
13:10:42 INFO  : ps7_cortexa9_0 Processor is in use. Please stop existing Run or Debug sessions before launching.
13:10:46 INFO  : Processor reset is completed for ps7_cortexa9_0
13:11:22 INFO  : Processor reset is completed for ps7_cortexa9_0
14:00:57 INFO  : FPGA configured successfully with bitstream "/home/rd/vivado-outputs/XADC_3_DEM/XADC.sdk/System_wrapper_hw_platform_0/System_wrapper.bit"
14:01:03 INFO  : ps7_init is completed.
14:01:03 INFO  : ps7_post_config is completed.
14:01:03 INFO  : Processor reset is completed for ps7_cortexa9_0
14:46:17 INFO  : FPGA Cable Disconnected. All active launches will be terminated.
14:50:23 ERROR : Unexpected error while parsing XMD response ￿: com.google.gson.JsonSyntaxException: com.google.gson.stream.MalformedJsonException: invalid number or unquoted string near 
18:37:59 INFO  : Processing command line option -hwspec /home/rd/vivado-outputs/XADC_3_DEM/XADC.sdk/System_wrapper.hdf.
18:38:06 INFO  : Launching XSDB server: xsdb -s /opt/Xilinx/SDK/2014.4/scripts/xsdb/xsdb/xsdb-server.tcl 2450
18:38:07 INFO  : Checking for hwspec changes in the project System_wrapper_hw_platform_0.
18:38:13 INFO  : SDK has detected change in the last modified timestamps for source hardware specification file Source:1491064134000,  Project:1490780250000
18:38:13 INFO  : The hardware specification for project 'System_wrapper_hw_platform_0' is different from /home/rd/vivado-outputs/XADC_3_DEM/XADC.sdk/System_wrapper.hdf.
18:38:13 INFO  : Copied contents of /home/rd/vivado-outputs/XADC_3_DEM/XADC.sdk/System_wrapper.hdf into /System_wrapper_hw_platform_0/system.hdf.
18:38:39 INFO  : Synchronizing projects in the workspace with the hardware platform specification changes.
18:38:51 INFO  : 
18:38:55 INFO  : Updating hardware inferred compiler options for system.
18:38:55 INFO  : Clearing existing target manager status.
18:43:44 INFO  : FPGA configured successfully with bitstream "/home/rd/vivado-outputs/XADC_3_DEM/XADC.sdk/System_wrapper_hw_platform_0/System_wrapper.bit"
18:43:51 INFO  : ps7_init is completed.
18:43:51 INFO  : ps7_post_config is completed.
18:43:51 INFO  : Processor reset is completed for ps7_cortexa9_0
18:44:15 INFO  : ps7_cortexa9_0 Processor is in use. Please stop existing Run or Debug sessions before launching.
18:44:16 INFO  : Processor reset is completed for ps7_cortexa9_0
19:03:42 INFO  : ps7_cortexa9_0 Processor is in use. Please stop existing Run or Debug sessions before launching.
19:04:04 INFO  : Processor reset is completed for ps7_cortexa9_0
22:29:44 INFO  : Processing command line option -hwspec /home/rd/vivado-outputs/XADC_3_DEM/XADC.sdk/System_wrapper.hdf.
22:29:52 WARN  : Unable to obtain port 2450 for use by XSDB Server, java.net.BindException: Address already in use
22:29:53 INFO  : Launching XSDB server: xsdb -s /opt/Xilinx/SDK/2014.4/scripts/xsdb/xsdb/xsdb-server.tcl 2457
22:29:54 INFO  : Checking for hwspec changes in the project System_wrapper_hw_platform_0.
22:30:03 INFO  : SDK has detected change in the last modified timestamps for source hardware specification file Source:1491078368000,  Project:1491064134000
22:30:03 INFO  : The hardware specification for project 'System_wrapper_hw_platform_0' is different from /home/rd/vivado-outputs/XADC_3_DEM/XADC.sdk/System_wrapper.hdf.
22:30:03 INFO  : Copied contents of /home/rd/vivado-outputs/XADC_3_DEM/XADC.sdk/System_wrapper.hdf into /System_wrapper_hw_platform_0/system.hdf.
22:30:19 INFO  : Synchronizing projects in the workspace with the hardware platform specification changes.
22:30:21 INFO  : 
22:30:33 INFO  : Updating hardware inferred compiler options for system.
22:30:33 INFO  : Clearing existing target manager status.
22:33:07 ERROR : Unexpected error while parsing XMD response ￿: com.google.gson.JsonSyntaxException: com.google.gson.stream.MalformedJsonException: invalid number or unquoted string near 
22:33:25 INFO  : Processing command line option -hwspec /home/rd/vivado-outputs/XADC_3_DEM/XADC.sdk/System_wrapper.hdf.
22:33:29 WARN  : Unable to obtain port 2450 for use by XSDB Server, java.net.BindException: Address already in use
22:33:29 INFO  : Launching XSDB server: xsdb -s /opt/Xilinx/SDK/2014.4/scripts/xsdb/xsdb/xsdb-server.tcl 2457
22:33:29 INFO  : Checking for hwspec changes in the project System_wrapper_hw_platform_0.
22:37:27 INFO  : FPGA configured successfully with bitstream "/home/rd/vivado-outputs/XADC_3_DEM/XADC.sdk/System_wrapper_hw_platform_0/System_wrapper.bit"
22:37:34 INFO  : ps7_init is completed.
22:37:34 INFO  : ps7_post_config is completed.
22:37:34 INFO  : Processor reset is completed for ps7_cortexa9_0
22:39:11 INFO  : ps7_cortexa9_0 Processor is in use. Please stop existing Run or Debug sessions before launching.
22:39:14 INFO  : Processor reset is completed for ps7_cortexa9_0
22:50:56 INFO  : ps7_cortexa9_0 Processor is in use. Please stop existing Run or Debug sessions before launching.
22:50:59 INFO  : Processor reset is completed for ps7_cortexa9_0
22:54:10 INFO  : ps7_cortexa9_0 Processor is in use. Please stop existing Run or Debug sessions before launching.
22:54:17 INFO  : Processor reset is completed for ps7_cortexa9_0
22:57:39 INFO  : ps7_cortexa9_0 Processor is in use. Please stop existing Run or Debug sessions before launching.
22:57:43 INFO  : Processor reset is completed for ps7_cortexa9_0
23:00:28 INFO  : ps7_cortexa9_0 Processor is in use. Please stop existing Run or Debug sessions before launching.
23:00:33 INFO  : Processor reset is completed for ps7_cortexa9_0
23:02:03 INFO  : Processor reset is completed for ps7_cortexa9_0
23:09:54 INFO  : ps7_cortexa9_0 Processor is in use. Please stop existing Run or Debug sessions before launching.
23:09:58 INFO  : Processor reset is completed for ps7_cortexa9_0
23:12:11 INFO  : ps7_cortexa9_0 Processor is in use. Please stop existing Run or Debug sessions before launching.
23:12:13 INFO  : Processor reset is completed for ps7_cortexa9_0
23:13:48 INFO  : ps7_cortexa9_0 Processor is in use. Please stop existing Run or Debug sessions before launching.
23:14:21 INFO  : Processor reset is completed for ps7_cortexa9_0
23:17:09 INFO  : FPGA configured successfully with bitstream "/home/rd/vivado-outputs/XADC_3_DEM/XADC.sdk/System_wrapper_hw_platform_0/System_wrapper.bit"
23:17:30 INFO  : ps7_init is completed.
23:17:30 INFO  : ps7_post_config is completed.
23:17:30 INFO  : Processor reset is completed for ps7_cortexa9_0
23:26:29 INFO  : ps7_cortexa9_0 Processor is in use. Please stop existing Run or Debug sessions before launching.
23:26:32 INFO  : Processor reset is completed for ps7_cortexa9_0
23:30:06 INFO  : ps7_cortexa9_0 Processor is in use. Please stop existing Run or Debug sessions before launching.
23:30:08 INFO  : Processor reset is completed for ps7_cortexa9_0
23:37:01 ERROR : Unexpected error while parsing XMD response ￿: com.google.gson.JsonSyntaxException: com.google.gson.stream.MalformedJsonException: invalid number or unquoted string near 
12:01:19 INFO  : Processing command line option -hwspec /home/rd/vivado-outputs/XADC_3_DEM/XADC.sdk/System_wrapper.hdf.
12:01:25 INFO  : Launching XSDB server: xsdb -s /opt/Xilinx/SDK/2014.4/scripts/xsdb/xsdb/xsdb-server.tcl 2450
12:01:26 INFO  : Checking for hwspec changes in the project System_wrapper_hw_platform_0.
12:01:32 INFO  : SDK has detected change in the last modified timestamps for source hardware specification file Source:1491126984000,  Project:1491078368000
12:01:32 INFO  : The hardware specification for project 'System_wrapper_hw_platform_0' is different from /home/rd/vivado-outputs/XADC_3_DEM/XADC.sdk/System_wrapper.hdf.
12:01:33 INFO  : Copied contents of /home/rd/vivado-outputs/XADC_3_DEM/XADC.sdk/System_wrapper.hdf into /System_wrapper_hw_platform_0/system.hdf.
12:01:58 INFO  : Synchronizing projects in the workspace with the hardware platform specification changes.
12:02:10 INFO  : 
12:02:14 INFO  : Updating hardware inferred compiler options for system.
12:02:14 INFO  : Clearing existing target manager status.
12:05:30 INFO  : FPGA configured successfully with bitstream "/home/rd/vivado-outputs/XADC_3_DEM/XADC.sdk/System_wrapper_hw_platform_0/System_wrapper.bit"
12:05:35 INFO  : ps7_init is completed.
12:05:35 INFO  : ps7_post_config is completed.
12:05:36 INFO  : Processor reset is completed for ps7_cortexa9_0
12:31:06 INFO  : ps7_cortexa9_0 Processor is in use. Please stop existing Run or Debug sessions before launching.
12:31:08 INFO  : Processor reset is completed for ps7_cortexa9_0
12:33:30 INFO  : ps7_cortexa9_0 Processor is in use. Please stop existing Run or Debug sessions before launching.
12:33:31 INFO  : Processor reset is completed for ps7_cortexa9_0
12:38:34 INFO  : ps7_cortexa9_0 Processor is in use. Please stop existing Run or Debug sessions before launching.
12:38:36 INFO  : Processor reset is completed for ps7_cortexa9_0
12:40:32 INFO  : ps7_cortexa9_0 Processor is in use. Please stop existing Run or Debug sessions before launching.
12:40:34 INFO  : Processor reset is completed for ps7_cortexa9_0
12:42:09 INFO  : ps7_cortexa9_0 Processor is in use. Please stop existing Run or Debug sessions before launching.
12:42:11 INFO  : Processor reset is completed for ps7_cortexa9_0
12:45:04 INFO  : ps7_cortexa9_0 Processor is in use. Please stop existing Run or Debug sessions before launching.
12:45:06 INFO  : Processor reset is completed for ps7_cortexa9_0
12:46:21 INFO  : ps7_cortexa9_0 Processor is in use. Please stop existing Run or Debug sessions before launching.
12:46:22 INFO  : Processor reset is completed for ps7_cortexa9_0
12:47:46 INFO  : ps7_cortexa9_0 Processor is in use. Please stop existing Run or Debug sessions before launching.
12:47:47 INFO  : Processor reset is completed for ps7_cortexa9_0
12:49:22 INFO  : ps7_cortexa9_0 Processor is in use. Please stop existing Run or Debug sessions before launching.
12:49:24 INFO  : Processor reset is completed for ps7_cortexa9_0
12:51:04 INFO  : ps7_cortexa9_0 Processor is in use. Please stop existing Run or Debug sessions before launching.
12:51:06 INFO  : Processor reset is completed for ps7_cortexa9_0
12:52:33 INFO  : ps7_cortexa9_0 Processor is in use. Please stop existing Run or Debug sessions before launching.
12:52:57 INFO  : Processor reset is completed for ps7_cortexa9_0
14:28:31 INFO  : FPGA configured successfully with bitstream "/home/rd/vivado-outputs/XADC_3_DEM/XADC.sdk/System_wrapper_hw_platform_0/System_wrapper.bit"
14:28:55 INFO  : ps7_init is completed.
14:28:55 INFO  : ps7_post_config is completed.
14:28:55 INFO  : Processor reset is completed for ps7_cortexa9_0
14:54:06 INFO  : ps7_cortexa9_0 Processor is in use. Please stop existing Run or Debug sessions before launching.
14:54:08 INFO  : Processor reset is completed for ps7_cortexa9_0
14:55:34 INFO  : ps7_cortexa9_0 Processor is in use. Please stop existing Run or Debug sessions before launching.
14:55:36 INFO  : Processor reset is completed for ps7_cortexa9_0
14:56:53 INFO  : ps7_cortexa9_0 Processor is in use. Please stop existing Run or Debug sessions before launching.
14:56:55 INFO  : Processor reset is completed for ps7_cortexa9_0
14:58:02 INFO  : ps7_cortexa9_0 Processor is in use. Please stop existing Run or Debug sessions before launching.
14:58:03 INFO  : Processor reset is completed for ps7_cortexa9_0
14:58:57 INFO  : ps7_cortexa9_0 Processor is in use. Please stop existing Run or Debug sessions before launching.
14:58:59 INFO  : Processor reset is completed for ps7_cortexa9_0
15:03:14 INFO  : ps7_cortexa9_0 Processor is in use. Please stop existing Run or Debug sessions before launching.
15:03:15 INFO  : Processor reset is completed for ps7_cortexa9_0
15:05:54 INFO  : ps7_cortexa9_0 Processor is in use. Please stop existing Run or Debug sessions before launching.
15:05:56 INFO  : Processor reset is completed for ps7_cortexa9_0
15:06:22 INFO  : ps7_cortexa9_0 Processor is in use. Please stop existing Run or Debug sessions before launching.
15:06:24 INFO  : Processor reset is completed for ps7_cortexa9_0
15:14:26 INFO  : ps7_cortexa9_0 Processor is in use. Please stop existing Run or Debug sessions before launching.
15:14:28 INFO  : Processor reset is completed for ps7_cortexa9_0
15:15:29 INFO  : ps7_cortexa9_0 Processor is in use. Please stop existing Run or Debug sessions before launching.
15:15:31 INFO  : Processor reset is completed for ps7_cortexa9_0
15:34:41 ERROR : Unexpected error while parsing XMD response ￿: com.google.gson.JsonSyntaxException: com.google.gson.stream.MalformedJsonException: invalid number or unquoted string near 
21:02:42 INFO  : Processing command line option -hwspec /home/rd/vivado-outputs/XADC_3_DEM/XADC.sdk/System_wrapper.hdf.
21:02:47 INFO  : Launching XSDB server: xsdb -s /opt/Xilinx/SDK/2014.4/scripts/xsdb/xsdb/xsdb-server.tcl 2450
21:02:49 INFO  : Checking for hwspec changes in the project System_wrapper_hw_platform_0.
21:09:35 INFO  : FPGA configured successfully with bitstream "/home/rd/vivado-outputs/XADC_3_DEM/XADC.sdk/System_wrapper_hw_platform_0/System_wrapper.bit"
21:13:08 INFO  : ps7_init is completed.
21:13:08 INFO  : ps7_post_config is completed.
21:13:09 INFO  : Processor reset is completed for ps7_cortexa9_0
21:31:42 INFO  : FPGA configured successfully with bitstream "/home/rd/vivado-outputs/XADC_3_DEM/XADC.sdk/System_wrapper_hw_platform_0/System_wrapper.bit"
21:31:51 INFO  : ps7_init is completed.
21:31:51 INFO  : ps7_post_config is completed.
21:31:51 INFO  : Processor reset is completed for ps7_cortexa9_0
21:54:39 INFO  : FPGA configured successfully with bitstream "/home/rd/vivado-outputs/XADC_3_DEM/XADC.sdk/System_wrapper_hw_platform_0/System_wrapper.bit"
21:54:44 INFO  : ps7_init is completed.
21:54:44 INFO  : ps7_post_config is completed.
21:54:44 INFO  : Processor reset is completed for ps7_cortexa9_0
22:44:16 INFO  : ps7_cortexa9_0 Processor is in use. Please stop existing Run or Debug sessions before launching.
22:44:18 INFO  : Processor reset is completed for ps7_cortexa9_0
22:50:55 INFO  : ps7_cortexa9_0 Processor is in use. Please stop existing Run or Debug sessions before launching.
22:50:56 INFO  : Processor reset is completed for ps7_cortexa9_0
22:58:29 INFO  : ps7_cortexa9_0 Processor is in use. Please stop existing Run or Debug sessions before launching.
22:58:40 INFO  : Processor reset is completed for ps7_cortexa9_0
22:59:24 INFO  : ps7_cortexa9_0 Processor is in use. Please stop existing Run or Debug sessions before launching.
22:59:26 INFO  : Processor reset is completed for ps7_cortexa9_0
23:01:37 INFO  : ps7_cortexa9_0 Processor is in use. Please stop existing Run or Debug sessions before launching.
23:01:39 INFO  : Processor reset is completed for ps7_cortexa9_0
23:05:14 INFO  : ps7_cortexa9_0 Processor is in use. Please stop existing Run or Debug sessions before launching.
23:05:16 INFO  : Processor reset is completed for ps7_cortexa9_0
23:11:42 INFO  : ps7_cortexa9_0 Processor is in use. Please stop existing Run or Debug sessions before launching.
23:11:44 INFO  : Processor reset is completed for ps7_cortexa9_0
23:16:01 INFO  : ps7_cortexa9_0 Processor is in use. Please stop existing Run or Debug sessions before launching.
23:16:03 INFO  : Processor reset is completed for ps7_cortexa9_0
23:20:07 INFO  : ps7_cortexa9_0 Processor is in use. Please stop existing Run or Debug sessions before launching.
23:20:08 INFO  : Processor reset is completed for ps7_cortexa9_0
23:28:38 INFO  : ps7_cortexa9_0 Processor is in use. Please stop existing Run or Debug sessions before launching.
23:28:40 INFO  : Processor reset is completed for ps7_cortexa9_0
23:58:11 INFO  : ps7_cortexa9_0 Processor is in use. Please stop existing Run or Debug sessions before launching.
23:58:14 INFO  : Processor reset is completed for ps7_cortexa9_0
00:03:00 INFO  : ps7_cortexa9_0 Processor is in use. Please stop existing Run or Debug sessions before launching.
00:03:02 INFO  : Processor reset is completed for ps7_cortexa9_0
00:07:47 INFO  : ps7_cortexa9_0 Processor is in use. Please stop existing Run or Debug sessions before launching.
00:07:48 INFO  : Processor reset is completed for ps7_cortexa9_0
00:30:29 INFO  : ps7_cortexa9_0 Processor is in use. Please stop existing Run or Debug sessions before launching.
00:30:31 INFO  : Processor reset is completed for ps7_cortexa9_0
00:32:17 INFO  : ps7_cortexa9_0 Processor is in use. Please stop existing Run or Debug sessions before launching.
00:32:19 INFO  : Processor reset is completed for ps7_cortexa9_0
00:34:30 INFO  : ps7_cortexa9_0 Processor is in use. Please stop existing Run or Debug sessions before launching.
00:34:32 INFO  : Processor reset is completed for ps7_cortexa9_0
00:36:21 INFO  : ps7_cortexa9_0 Processor is in use. Please stop existing Run or Debug sessions before launching.
00:36:23 INFO  : Processor reset is completed for ps7_cortexa9_0
00:49:04 INFO  : ps7_cortexa9_0 Processor is in use. Please stop existing Run or Debug sessions before launching.
00:49:05 INFO  : Processor reset is completed for ps7_cortexa9_0
00:52:17 INFO  : ps7_cortexa9_0 Processor is in use. Please stop existing Run or Debug sessions before launching.
00:52:19 INFO  : Processor reset is completed for ps7_cortexa9_0
00:54:15 INFO  : ps7_cortexa9_0 Processor is in use. Please stop existing Run or Debug sessions before launching.
00:54:16 INFO  : Processor reset is completed for ps7_cortexa9_0
00:55:50 INFO  : ps7_cortexa9_0 Processor is in use. Please stop existing Run or Debug sessions before launching.
00:55:52 INFO  : Processor reset is completed for ps7_cortexa9_0
00:57:49 INFO  : ps7_cortexa9_0 Processor is in use. Please stop existing Run or Debug sessions before launching.
00:57:51 INFO  : Processor reset is completed for ps7_cortexa9_0
00:58:53 INFO  : ps7_cortexa9_0 Processor is in use. Please stop existing Run or Debug sessions before launching.
00:58:54 INFO  : Processor reset is completed for ps7_cortexa9_0
00:59:54 INFO  : ps7_cortexa9_0 Processor is in use. Please stop existing Run or Debug sessions before launching.
00:59:56 INFO  : Processor reset is completed for ps7_cortexa9_0
01:00:57 INFO  : ps7_cortexa9_0 Processor is in use. Please stop existing Run or Debug sessions before launching.
01:00:59 INFO  : Processor reset is completed for ps7_cortexa9_0
01:02:02 INFO  : ps7_cortexa9_0 Processor is in use. Please stop existing Run or Debug sessions before launching.
01:02:04 INFO  : Processor reset is completed for ps7_cortexa9_0
01:04:06 INFO  : ps7_cortexa9_0 Processor is in use. Please stop existing Run or Debug sessions before launching.
01:04:07 INFO  : Processor reset is completed for ps7_cortexa9_0
01:13:44 INFO  : ps7_cortexa9_0 Processor is in use. Please stop existing Run or Debug sessions before launching.
01:13:46 INFO  : Processor reset is completed for ps7_cortexa9_0
01:16:26 INFO  : ps7_cortexa9_0 Processor is in use. Please stop existing Run or Debug sessions before launching.
01:16:27 INFO  : Processor reset is completed for ps7_cortexa9_0
01:20:27 INFO  : ps7_cortexa9_0 Processor is in use. Please stop existing Run or Debug sessions before launching.
01:20:28 INFO  : Processor reset is completed for ps7_cortexa9_0
01:24:44 INFO  : Refreshed build settings on project system
01:30:00 INFO  : Invoking Bootgen: bootgen -image system.bif -o /home/rd/vivado-outputs/am_demmod_3.mcs
01:30:00 INFO  : Creating new bif file /home/rd/vivado-outputs/XADC_3_DEM/XADC.sdk/system/bootimage/system.bif
01:30:02 INFO  : Bootgen command execution is done.
02:00:14 ERROR : Unexpected error while parsing XMD response ￿: com.google.gson.JsonSyntaxException: com.google.gson.stream.MalformedJsonException: invalid number or unquoted string near 
22:51:35 INFO  : Processing command line option -hwspec /home/rd/vivado-outputs/XADC_3_DEM/XADC.sdk/System_wrapper.hdf.
22:51:41 INFO  : Launching XSDB server: xsdb -s /opt/Xilinx/SDK/2014.4/scripts/xsdb/xsdb/xsdb-server.tcl 2450
22:51:42 INFO  : Checking for hwspec changes in the project System_wrapper_hw_platform_0.
22:51:48 INFO  : SDK has detected change in the last modified timestamps for source hardware specification file Source:1491251515000,  Project:1491126984000
22:51:48 INFO  : The hardware specification for project 'System_wrapper_hw_platform_0' is different from /home/rd/vivado-outputs/XADC_3_DEM/XADC.sdk/System_wrapper.hdf.
22:51:48 INFO  : Copied contents of /home/rd/vivado-outputs/XADC_3_DEM/XADC.sdk/System_wrapper.hdf into /System_wrapper_hw_platform_0/system.hdf.
22:51:52 INFO  : Synchronizing projects in the workspace with the hardware platform specification changes.
22:52:16 INFO  : 
22:52:19 INFO  : Updating hardware inferred compiler options for fsbl.
22:52:20 INFO  : Updating hardware inferred compiler options for system.
22:52:20 INFO  : Clearing existing target manager status.
23:32:54 INFO  : FPGA configured successfully with bitstream "/home/rd/vivado-outputs/XADC_3_DEM/XADC.sdk/System_wrapper_hw_platform_0/System_wrapper.bit"
23:33:01 INFO  : ps7_init is completed.
23:33:01 INFO  : ps7_post_config is completed.
23:33:02 INFO  : Processor reset is completed for ps7_cortexa9_0
23:35:09 INFO  : ps7_cortexa9_0 Processor is in use. Please stop existing Run or Debug sessions before launching.
23:35:11 INFO  : Processor reset is completed for ps7_cortexa9_0
23:36:14 INFO  : FPGA configured successfully with bitstream "/home/rd/vivado-outputs/XADC_3_DEM/XADC.sdk/System_wrapper_hw_platform_0/System_wrapper.bit"
23:36:21 INFO  : ps7_init is completed.
23:36:21 INFO  : ps7_post_config is completed.
23:36:22 INFO  : Processor reset is completed for ps7_cortexa9_0
23:43:02 INFO  : ps7_cortexa9_0 Processor is in use. Please stop existing Run or Debug sessions before launching.
23:43:03 INFO  : Processor reset is completed for ps7_cortexa9_0
23:43:59 INFO  : ps7_cortexa9_0 Processor is in use. Please stop existing Run or Debug sessions before launching.
23:44:05 INFO  : Processor reset is completed for ps7_cortexa9_0
23:46:52 INFO  : FPGA configured successfully with bitstream "/home/rd/vivado-outputs/XADC_3_DEM/XADC.sdk/System_wrapper_hw_platform_0/System_wrapper.bit"
23:46:58 INFO  : ps7_init is completed.
23:46:58 INFO  : ps7_post_config is completed.
23:46:59 INFO  : Processor reset is completed for ps7_cortexa9_0
23:52:57 INFO  : ps7_cortexa9_0 Processor is in use. Please stop existing Run or Debug sessions before launching.
23:52:59 INFO  : Processor reset is completed for ps7_cortexa9_0
23:55:34 ERROR : Unexpected error while parsing XMD response ￿: com.google.gson.JsonSyntaxException: com.google.gson.stream.MalformedJsonException: invalid number or unquoted string near 
06:15:47 INFO  : Processing command line option -hwspec /home/rd/vivado-outputs/XADC_3_DEM/XADC.sdk/System_wrapper.hdf.
06:15:53 INFO  : Launching XSDB server: xsdb -s /opt/Xilinx/SDK/2014.4/scripts/xsdb/xsdb/xsdb-server.tcl 2450
06:15:54 INFO  : Checking for hwspec changes in the project System_wrapper_hw_platform_0.
06:16:34 INFO  : SDK has detected change in the last modified timestamps for source hardware specification file Source:1491260015000,  Project:1491251515000
06:16:34 INFO  : The hardware specification for project 'System_wrapper_hw_platform_0' is different from /home/rd/vivado-outputs/XADC_3_DEM/XADC.sdk/System_wrapper.hdf.
06:16:35 INFO  : Copied contents of /home/rd/vivado-outputs/XADC_3_DEM/XADC.sdk/System_wrapper.hdf into /System_wrapper_hw_platform_0/system.hdf.
06:17:21 INFO  : Synchronizing projects in the workspace with the hardware platform specification changes.
06:17:41 INFO  : 
06:17:44 INFO  : Updating hardware inferred compiler options for fsbl.
06:17:45 INFO  : Updating hardware inferred compiler options for system.
06:17:50 INFO  : Clearing existing target manager status.
06:18:25 INFO  : FPGA configured successfully with bitstream "/home/rd/vivado-outputs/XADC_3_DEM/XADC.sdk/System_wrapper_hw_platform_0/System_wrapper.bit"
06:18:32 INFO  : ps7_init is completed.
06:18:32 INFO  : ps7_post_config is completed.
06:18:32 INFO  : Processor reset is completed for ps7_cortexa9_0
06:22:57 INFO  : ps7_cortexa9_0 Processor is in use. Please stop existing Run or Debug sessions before launching.
06:22:59 INFO  : Processor reset is completed for ps7_cortexa9_0
06:26:25 INFO  : ps7_cortexa9_0 Processor is in use. Please stop existing Run or Debug sessions before launching.
06:26:27 INFO  : Processor reset is completed for ps7_cortexa9_0
06:29:12 INFO  : ps7_cortexa9_0 Processor is in use. Please stop existing Run or Debug sessions before launching.
06:29:13 INFO  : Processor reset is completed for ps7_cortexa9_0
06:31:19 INFO  : ps7_cortexa9_0 Processor is in use. Please stop existing Run or Debug sessions before launching.
06:31:21 INFO  : Processor reset is completed for ps7_cortexa9_0
06:35:57 INFO  : ps7_cortexa9_0 Processor is in use. Please stop existing Run or Debug sessions before launching.
06:35:58 INFO  : Processor reset is completed for ps7_cortexa9_0
06:38:33 INFO  : ps7_cortexa9_0 Processor is in use. Please stop existing Run or Debug sessions before launching.
06:38:35 INFO  : Processor reset is completed for ps7_cortexa9_0
06:42:20 INFO  : ps7_cortexa9_0 Processor is in use. Please stop existing Run or Debug sessions before launching.
06:42:22 INFO  : Processor reset is completed for ps7_cortexa9_0
06:46:20 INFO  : ps7_cortexa9_0 Processor is in use. Please stop existing Run or Debug sessions before launching.
06:46:22 INFO  : Processor reset is completed for ps7_cortexa9_0
06:49:57 INFO  : ps7_cortexa9_0 Processor is in use. Please stop existing Run or Debug sessions before launching.
06:49:58 INFO  : Processor reset is completed for ps7_cortexa9_0
06:56:46 INFO  : FPGA configured successfully with bitstream "/home/rd/vivado-outputs/XADC_3_DEM/XADC.sdk/System_wrapper_hw_platform_0/System_wrapper.bit"
06:57:01 INFO  : ps7_init is completed.
06:57:01 INFO  : ps7_post_config is completed.
06:57:01 INFO  : Processor reset is completed for ps7_cortexa9_0
07:07:10 INFO  : Invoking Bootgen: bootgen -image system.bif -o /home/rd/vivado-outputs/am_demmod_4.mcs
07:07:32 INFO  : Bootgen command execution is done.
07:26:37 ERROR : Unexpected error while parsing XMD response ￿: com.google.gson.JsonSyntaxException: com.google.gson.stream.MalformedJsonException: invalid number or unquoted string near 
21:59:53 INFO  : Processing command line option -hwspec /home/rd/vivado-outputs/XADC_3_DEM/XADC.sdk/System_wrapper.hdf.
22:00:00 INFO  : Launching XSDB server: xsdb -s /opt/Xilinx/SDK/2014.4/scripts/xsdb/xsdb/xsdb-server.tcl 2450
22:00:01 INFO  : Checking for hwspec changes in the project System_wrapper_hw_platform_0.
22:00:06 INFO  : SDK has detected change in the last modified timestamps for source hardware specification file Source:1491335645000,  Project:1491260015000
22:00:06 INFO  : The hardware specification for project 'System_wrapper_hw_platform_0' is different from /home/rd/vivado-outputs/XADC_3_DEM/XADC.sdk/System_wrapper.hdf.
22:00:06 INFO  : Copied contents of /home/rd/vivado-outputs/XADC_3_DEM/XADC.sdk/System_wrapper.hdf into /System_wrapper_hw_platform_0/system.hdf.
22:00:36 INFO  : Synchronizing projects in the workspace with the hardware platform specification changes.
22:00:48 INFO  : 
22:00:51 INFO  : Updating hardware inferred compiler options for fsbl.
22:00:52 INFO  : Updating hardware inferred compiler options for system.
22:00:56 INFO  : Clearing existing target manager status.
22:39:05 INFO  : FPGA configured successfully with bitstream "/home/rd/vivado-outputs/XADC_3_DEM/XADC.sdk/System_wrapper_hw_platform_0/System_wrapper.bit"
22:39:18 INFO  : ps7_init is completed.
22:39:18 INFO  : ps7_post_config is completed.
22:39:19 INFO  : Processor reset is completed for ps7_cortexa9_0
23:19:12 INFO  : ps7_cortexa9_0 Processor is in use. Please stop existing Run or Debug sessions before launching.
23:19:15 INFO  : Processor reset is completed for ps7_cortexa9_0
23:21:56 INFO  : ps7_cortexa9_0 Processor is in use. Please stop existing Run or Debug sessions before launching.
23:21:58 INFO  : Processor reset is completed for ps7_cortexa9_0
23:25:26 INFO  : ps7_cortexa9_0 Processor is in use. Please stop existing Run or Debug sessions before launching.
23:25:28 INFO  : Processor reset is completed for ps7_cortexa9_0
23:28:22 INFO  : ps7_cortexa9_0 Processor is in use. Please stop existing Run or Debug sessions before launching.
23:28:38 INFO  : Processor reset is completed for ps7_cortexa9_0
23:48:41 INFO  : ps7_cortexa9_0 Processor is in use. Please stop existing Run or Debug sessions before launching.
23:48:43 INFO  : Processor reset is completed for ps7_cortexa9_0
23:50:20 INFO  : ps7_cortexa9_0 Processor is in use. Please stop existing Run or Debug sessions before launching.
23:50:22 INFO  : Processor reset is completed for ps7_cortexa9_0
23:56:26 INFO  : ps7_cortexa9_0 Processor is in use. Please stop existing Run or Debug sessions before launching.
23:56:27 INFO  : Processor reset is completed for ps7_cortexa9_0
00:03:47 INFO  : ps7_cortexa9_0 Processor is in use. Please stop existing Run or Debug sessions before launching.
00:03:49 INFO  : Processor reset is completed for ps7_cortexa9_0
00:06:19 INFO  : ps7_cortexa9_0 Processor is in use. Please stop existing Run or Debug sessions before launching.
00:06:21 INFO  : Processor reset is completed for ps7_cortexa9_0
00:07:30 INFO  : ps7_cortexa9_0 Processor is in use. Please stop existing Run or Debug sessions before launching.
00:07:33 INFO  : Processor reset is completed for ps7_cortexa9_0
00:11:58 INFO  : ps7_cortexa9_0 Processor is in use. Please stop existing Run or Debug sessions before launching.
00:12:01 INFO  : Processor reset is completed for ps7_cortexa9_0
00:18:28 INFO  : Invoking Bootgen: bootgen -image system.bif -o /home/rd/vivado-outputs/XADC_3_DEM/XADC.sdk/system/bootimage/BOOT.bin
00:18:30 INFO  : Bootgen command execution is done.
00:19:07 INFO  : Invoking Bootgen: bootgen -image system.bif -o /home/rd/vivado-outputs/am_demmod_5_OK1.mcs
00:19:09 INFO  : Bootgen command execution is done.
00:51:03 ERROR : Unexpected error while parsing XMD response ￿: com.google.gson.JsonSyntaxException: com.google.gson.stream.MalformedJsonException: invalid number or unquoted string near 
19:24:39 INFO  : Processing command line option -hwspec /home/rd/vivado-outputs/XADC_3_DEM/XADC.sdk/System_wrapper.hdf.
19:24:52 INFO  : Launching XSDB server: xsdb -s /opt/Xilinx/SDK/2014.4/scripts/xsdb/xsdb/xsdb-server.tcl 2450
19:24:53 INFO  : Checking for hwspec changes in the project System_wrapper_hw_platform_0.
20:16:38 INFO  : FPGA configured successfully with bitstream "/home/rd/vivado-outputs/XADC_3_DEM/XADC.sdk/System_wrapper_hw_platform_0/System_wrapper.bit"
20:16:54 INFO  : ps7_init is completed.
20:16:54 INFO  : ps7_post_config is completed.
20:16:54 INFO  : Processor reset is completed for ps7_cortexa9_0
20:19:26 INFO  : FPGA configured successfully with bitstream "/home/rd/vivado-outputs/XADC_3_DEM/XADC.sdk/System_wrapper_hw_platform_0/System_wrapper.bit"
20:19:36 INFO  : ps7_init is completed.
20:19:36 INFO  : ps7_post_config is completed.
20:19:36 INFO  : Processor reset is completed for ps7_cortexa9_0
20:21:09 INFO  : ps7_cortexa9_0 Processor is in use. Please stop existing Run or Debug sessions before launching.
20:21:11 INFO  : Processor reset is completed for ps7_cortexa9_0
20:25:07 INFO  : ps7_cortexa9_0 Processor is in use. Please stop existing Run or Debug sessions before launching.
20:25:08 INFO  : Processor reset is completed for ps7_cortexa9_0
20:28:55 INFO  : ps7_cortexa9_0 Processor is in use. Please stop existing Run or Debug sessions before launching.
20:28:56 INFO  : Processor reset is completed for ps7_cortexa9_0
20:33:30 INFO  : ps7_cortexa9_0 Processor is in use. Please stop existing Run or Debug sessions before launching.
20:33:32 INFO  : Processor reset is completed for ps7_cortexa9_0
20:41:23 INFO  : ps7_cortexa9_0 Processor is in use. Please stop existing Run or Debug sessions before launching.
20:41:24 INFO  : Processor reset is completed for ps7_cortexa9_0
20:49:34 INFO  : ps7_cortexa9_0 Processor is in use. Please stop existing Run or Debug sessions before launching.
20:49:36 INFO  : Processor reset is completed for ps7_cortexa9_0
20:59:38 INFO  : ps7_cortexa9_0 Processor is in use. Please stop existing Run or Debug sessions before launching.
20:59:40 INFO  : Processor reset is completed for ps7_cortexa9_0
21:10:36 INFO  : ps7_cortexa9_0 Processor is in use. Please stop existing Run or Debug sessions before launching.
21:10:41 INFO  : Processor reset is completed for ps7_cortexa9_0
21:20:52 INFO  : ps7_cortexa9_0 Processor is in use. Please stop existing Run or Debug sessions before launching.
21:20:54 INFO  : Processor reset is completed for ps7_cortexa9_0
21:26:18 INFO  : FPGA configured successfully with bitstream "/home/rd/vivado-outputs/XADC_3_DEM/XADC.sdk/System_wrapper_hw_platform_0/System_wrapper.bit"
21:26:24 INFO  : ps7_init is completed.
21:26:24 INFO  : ps7_post_config is completed.
21:26:25 INFO  : Processor reset is completed for ps7_cortexa9_0
21:51:15 INFO  : Invoking Bootgen: bootgen -image system.bif -o /home/rd/vivado-outputs/am_demmod_5_OK2.mcs
21:51:17 INFO  : Bootgen command execution is done.
22:30:44 ERROR : Unexpected error while parsing XMD response ￿: com.google.gson.JsonSyntaxException: com.google.gson.stream.MalformedJsonException: invalid number or unquoted string near 
15:54:01 INFO  : Processing command line option -hwspec /home/rd/vivado-outputs/XADC_3_DEM/XADC.sdk/System_wrapper.hdf.
15:54:25 INFO  : Launching XSDB server: xsdb -s /opt/Xilinx/SDK/2014.4/scripts/xsdb/xsdb/xsdb-server.tcl 2450
15:54:28 INFO  : Checking for hwspec changes in the project System_wrapper_hw_platform_0.
15:54:35 INFO  : SDK has detected change in the last modified timestamps for source hardware specification file Source:1492867284000,  Project:1491335645000
15:54:35 INFO  : The hardware specification for project 'System_wrapper_hw_platform_0' is different from /home/rd/vivado-outputs/XADC_3_DEM/XADC.sdk/System_wrapper.hdf.
15:54:38 INFO  : Copied contents of /home/rd/vivado-outputs/XADC_3_DEM/XADC.sdk/System_wrapper.hdf into /System_wrapper_hw_platform_0/system.hdf.
15:55:21 INFO  : Synchronizing projects in the workspace with the hardware platform specification changes.
15:55:49 INFO  : 
15:55:55 INFO  : Updating hardware inferred compiler options for fsbl.
15:55:56 INFO  : Updating hardware inferred compiler options for system.
15:56:06 INFO  : Clearing existing target manager status.
18:43:42 INFO  : FPGA configured successfully with bitstream "/home/rd/vivado-outputs/XADC_3_DEM/XADC.sdk/System_wrapper_hw_platform_0/System_wrapper.bit"
18:44:25 INFO  : ps7_init is completed.
18:44:25 INFO  : ps7_post_config is completed.
18:44:26 INFO  : Processor reset is completed for ps7_cortexa9_0
19:24:17 ERROR : Unexpected error while parsing XMD response ￿: com.google.gson.JsonSyntaxException: com.google.gson.stream.MalformedJsonException: invalid number or unquoted string near 
11:06:29 INFO  : Processing command line option -hwspec /home/rd/vivado-outputs/XADC_3_DEM/XADC.sdk/System_wrapper.hdf.
11:06:34 INFO  : Launching XSDB server: xsdb -s /opt/Xilinx/SDK/2014.4/scripts/xsdb/xsdb/xsdb-server.tcl 2450
11:06:36 INFO  : Checking for hwspec changes in the project System_wrapper_hw_platform_0.
11:06:41 INFO  : SDK has detected change in the last modified timestamps for source hardware specification file Source:1492938136000,  Project:1492867284000
11:06:41 INFO  : The hardware specification for project 'System_wrapper_hw_platform_0' is different from /home/rd/vivado-outputs/XADC_3_DEM/XADC.sdk/System_wrapper.hdf.
11:06:41 INFO  : Copied contents of /home/rd/vivado-outputs/XADC_3_DEM/XADC.sdk/System_wrapper.hdf into /System_wrapper_hw_platform_0/system.hdf.
11:07:12 INFO  : Synchronizing projects in the workspace with the hardware platform specification changes.
11:07:36 INFO  : 
11:07:38 INFO  : Updating hardware inferred compiler options for fsbl.
11:07:39 INFO  : Updating hardware inferred compiler options for system.
11:07:45 INFO  : Clearing existing target manager status.
11:21:24 INFO  : FPGA configured successfully with bitstream "/home/rd/vivado-outputs/XADC_3_DEM/XADC.sdk/System_wrapper_hw_platform_0/System_wrapper.bit"
11:21:55 INFO  : ps7_init is completed.
11:21:55 INFO  : ps7_post_config is completed.
11:21:55 INFO  : Processor reset is completed for ps7_cortexa9_0
11:24:51 INFO  : ps7_cortexa9_0 Processor is in use. Please stop existing Run or Debug sessions before launching.
11:24:53 INFO  : Processor reset is completed for ps7_cortexa9_0
11:37:53 INFO  : FPGA configured successfully with bitstream "/home/rd/vivado-outputs/XADC_3_DEM/XADC.sdk/System_wrapper_hw_platform_0/System_wrapper.bit"
11:38:04 INFO  : ps7_init is completed.
11:38:04 INFO  : ps7_post_config is completed.
11:38:04 INFO  : Processor reset is completed for ps7_cortexa9_0
11:54:47 INFO  : ps7_cortexa9_0 Processor is in use. Please stop existing Run or Debug sessions before launching.
11:54:50 INFO  : Processor reset is completed for ps7_cortexa9_0
11:57:31 INFO  : ps7_cortexa9_0 Processor is in use. Please stop existing Run or Debug sessions before launching.
11:57:33 INFO  : Processor reset is completed for ps7_cortexa9_0
11:59:00 INFO  : ps7_cortexa9_0 Processor is in use. Please stop existing Run or Debug sessions before launching.
11:59:11 INFO  : Processor reset is completed for ps7_cortexa9_0
12:01:51 INFO  : ps7_cortexa9_0 Processor is in use. Please stop existing Run or Debug sessions before launching.
12:01:54 INFO  : Processor reset is completed for ps7_cortexa9_0
12:07:48 INFO  : ps7_cortexa9_0 Processor is in use. Please stop existing Run or Debug sessions before launching.
12:07:51 INFO  : Processor reset is completed for ps7_cortexa9_0
12:11:54 INFO  : ps7_cortexa9_0 Processor is in use. Please stop existing Run or Debug sessions before launching.
12:11:57 INFO  : Processor reset is completed for ps7_cortexa9_0
12:13:58 INFO  : ps7_cortexa9_0 Processor is in use. Please stop existing Run or Debug sessions before launching.
12:14:00 INFO  : Processor reset is completed for ps7_cortexa9_0
12:16:31 INFO  : ps7_cortexa9_0 Processor is in use. Please stop existing Run or Debug sessions before launching.
12:16:36 INFO  : Processor reset is completed for ps7_cortexa9_0
13:13:38 INFO  : FPGA configured successfully with bitstream "/home/rd/vivado-outputs/XADC_3_DEM/XADC.sdk/System_wrapper_hw_platform_0/System_wrapper.bit"
13:13:46 INFO  : ps7_init is completed.
13:13:46 INFO  : ps7_post_config is completed.
13:13:46 INFO  : Processor reset is completed for ps7_cortexa9_0
14:01:51 INFO  : FPGA configured successfully with bitstream "/home/rd/vivado-outputs/XADC_3_DEM/XADC.sdk/System_wrapper_hw_platform_0/System_wrapper.bit"
14:02:07 INFO  : ps7_init is completed.
14:02:07 INFO  : ps7_post_config is completed.
14:02:08 INFO  : Processor reset is completed for ps7_cortexa9_0
14:16:07 INFO  : Invoking Bootgen: bootgen -image system.bif -o /home/rd/vivado-outputs/am_demmod_5_OK3.mcs
14:16:09 INFO  : Bootgen command execution is done.
14:31:21 ERROR : Unexpected error while parsing XMD response ￿: com.google.gson.JsonSyntaxException: com.google.gson.stream.MalformedJsonException: invalid number or unquoted string near 
14:42:31 INFO  : Processing command line option -hwspec /home/rd/vivado-outputs/XADC_3_DEM/XADC.sdk/System_wrapper.hdf.
14:42:39 INFO  : Launching XSDB server: xsdb -s /opt/Xilinx/SDK/2014.4/scripts/xsdb/xsdb/xsdb-server.tcl 2450
14:42:41 INFO  : Checking for hwspec changes in the project System_wrapper_hw_platform_0.
15:02:52 INFO  : Processing command line option -hwspec /home/rd/vivado-outputs/XADC_3_DEM/XADC.sdk/System_wrapper.hdf.
15:02:58 INFO  : Launching XSDB server: xsdb -s /opt/Xilinx/SDK/2014.4/scripts/xsdb/xsdb/xsdb-server.tcl 2450
15:02:59 INFO  : Checking for hwspec changes in the project System_wrapper_hw_platform_0.
