############################################################
              Zynq Internal frequencies log
############################################################


PASSED 


Input Crystal Frequency:     50.000  MHz


PLL frequencies :

********************************************************************************
|                        |    ARM PLL     |   DDR_PLL     |   IO_PLL    |           
********************************************************************************
| Prog Multiplier        |            26            21            24    
| Frequency (MHz)        |      1300.000      1050.000      1200.000    
********************************************************************************



Zynq Peripherals Frequncies :
______________________________________________________________________________________________________________________________________________________

 |  Peripheral   |   Freq Requested (MHz)   |   Freq Achieved (MHz)   |   Clock source   |   Tolerance    |  Prog Divisor 1    |   Prog Divisor 2     
______________________________________________________________________________________________________________________________________________________
 | 
 |           cpu            650.000               650.000                 ARM_PLL             0.000(%)               2        
 | 
 |           ddr            525.000               525.000                 DDR_PLL             0.000(%)               2        
 | 
 |           dci             10.159                10.096                 DDR_PLL             0.619(%)              52               2        
 | 
 |          uart             50.000                50.000                  IO_PLL             0.000(%)              24        
 | 
 |          pcap            200.000               200.000                  IO_PLL             0.000(%)               6        
 | 
 |         fpga0            100.000               100.000                  IO_PLL             0.000(%)              12               1        
 | 
 |         fpga1            150.000               150.000                  IO_PLL             0.000(%)               8               1        
 | 
 |         fpga2            100.000               100.000                  IO_PLL             0.000(%)              12               1        
 | 
 |         fpga3             50.000                50.000                  IO_PLL             0.000(%)              24               1        
 | 
______________________________________________________________________________________________________________________________________________________
